<?xml version="1.0" encoding="UTF-8" standalone="yes"?><testsuite timestamp="2013-09-05T21:23:29Z" time="1.0" tests="9" name="UALocationServicesApplicationTest" hostname="admin-2.prod.urbanairship.com" failures="0"><testcase time="0.029" name="testLastLocationAndDate" classname="UALocationServicesApplicationTest"/><testcase time="0.0030" name="testReportCurrentLocationShutsDownBackgroundTaskOnError" classname="UALocationServicesApplicationTest"/><testcase time="1.141" name="testReportCurrentLocationTimesOutWithError" classname="UALocationServicesApplicationTest"/><testcase time="0.0030" name="testSendLocationWithLocationManger" classname="UALocationServicesApplicationTest"/><testcase time="0.0030" name="testSignificantChangeNotifiesDelegate" classname="UALocationServicesApplicationTest"/><testcase time="0.0" name="testStopSingleLocationSetsShutdownScheduledFlag" classname="UALocationServicesApplicationTest"/><testcase time="0.0040" name="testUALocationEventUpdateType" classname="UALocationServicesApplicationTest"/><testcase time="0.138" name="testUALocationServiceDoesGetLocation" classname="UALocationServicesApplicationTest"/><testcase time="0.0010" name="testUALocationServiceSendsLocationToAnalytics" classname="UALocationServicesApplicationTest"/></testsuite>