<?xml version="1.0" encoding="UTF-8" standalone="yes"?><testsuite timestamp="2013-09-05T21:23:30Z" time="1.0" tests="2" name="UAirshipApplicationTests" hostname="admin-2.prod.urbanairship.com" failures="0"><testcase time="0.504" name="testExceptionForTakeOffOnNotTheMainThread" classname="UAirshipApplicationTests"/><testcase time="0.0" name="testLocationGetSet" classname="UAirshipApplicationTests"/></testsuite>