<?xml version="1.0" encoding="UTF-8" standalone="yes"?><testsuite timestamp="2013-09-05T21:23:28Z" time="0.0" tests="15" name="UAAnalyticsTest" hostname="admin-2.prod.urbanairship.com" failures="0"><testcase time="0.0020" name="testAddEvent" classname="UAAnalyticsTest"/><testcase time="0.0020" name="testAnalyticsIsThreadSafe" classname="UAAnalyticsTest"/><testcase time="0.025" name="testDidBecomeActive" classname="UAAnalyticsTest"/><testcase time="0.02" name="testDidBecomeActiveAfterForeground" classname="UAAnalyticsTest"/><testcase time="0.0040" name="testEnterBackground" classname="UAAnalyticsTest"/><testcase time="0.0010" name="testEnterForeground" classname="UAAnalyticsTest"/><testcase time="0.0020" name="testForegroundFromPush" classname="UAAnalyticsTest"/><testcase time="0.0010" name="testHandleNotification" classname="UAAnalyticsTest"/><testcase time="0.0010" name="testInvalidateBackgroundTask" classname="UAAnalyticsTest"/><testcase time="0.0010" name="testLastSendTimeGetSetMethods" classname="UAAnalyticsTest"/><testcase time="0.023" name="testPrepareEventsForUpload" classname="UAAnalyticsTest"/><testcase time="0.0010" name="testSend" classname="UAAnalyticsTest"/><testcase time="0.0010" name="testShouldSendAnalyticsBackgroundLogic" classname="UAAnalyticsTest"/><testcase time="0.0010" name="testShouldSendAnalyticsCore" classname="UAAnalyticsTest"/><testcase time="0.0010" name="testWillResignActive" classname="UAAnalyticsTest"/></testsuite>